%Cpu(s):  0,9 usuario,  9,7 sist,  0,0 adecuado, 88,8 inact,  0,6 en espera,  0,
%Cpu(s):  0,5 usuario,  9,8 sist,  0,0 adecuado, 89,6 inact,  0,1 en espera,  0,
%Cpu(s):  0,9 usuario, 10,1 sist,  0,0 adecuado, 88,6 inact,  0,5 en espera,  0,
%Cpu(s):  0,3 usuario,  9,9 sist,  0,0 adecuado, 89,6 inact,  0,2 en espera,  0,
%Cpu(s):  0,7 usuario, 10,3 sist,  0,0 adecuado, 88,7 inact,  0,3 en espera,  0,
%Cpu(s):  0,7 usuario, 10,1 sist,  0,0 adecuado, 89,1 inact,  0,2 en espera,  0,
%Cpu(s):  0,5 usuario,  9,6 sist,  0,0 adecuado, 89,9 inact,  0,0 en espera,  0,
%Cpu(s):  0,3 usuario,  9,6 sist,  0,0 adecuado, 89,9 inact,  0,2 en espera,  0,
%Cpu(s):  0,3 usuario,  9,8 sist,  0,0 adecuado, 89,9 inact,  0,0 en espera,  0,
%Cpu(s):  0,2 usuario,  9,5 sist,  0,0 adecuado, 90,1 inact,  0,2 en espera,  0,
%Cpu(s):  0,5 usuario,  9,4 sist,  0,0 adecuado, 90,0 inact,  0,1 en espera,  0,
%Cpu(s):  0,5 usuario,  9,4 sist,  0,0 adecuado, 90,0 inact,  0,1 en espera,  0,
%Cpu(s):  0,5 usuario,  9,7 sist,  0,0 adecuado, 89,8 inact,  0,0 en espera,  0,
%Cpu(s):  0,4 usuario,  9,3 sist,  0,0 adecuado, 90,3 inact,  0,0 en espera,  0,
%Cpu(s):  0,4 usuario,  9,6 sist,  0,0 adecuado, 89,8 inact,  0,1 en espera,  0,
%Cpu(s):  0,3 usuario,  9,8 sist,  0,0 adecuado, 89,8 inact,  0,1 en espera,  0,
%Cpu(s):  0,6 usuario,  9,7 sist,  0,0 adecuado, 89,6 inact,  0,1 en espera,  0,
%Cpu(s):  0,3 usuario,  9,7 sist,  0,0 adecuado, 89,8 inact,  0,1 en espera,  0,
%Cpu(s):  0,8 usuario, 10,3 sist,  0,0 adecuado, 88,4 inact,  0,5 en espera,  0,
%Cpu(s):  0,5 usuario, 10,1 sist,  0,0 adecuado, 89,4 inact,  0,0 en espera,  0,
%Cpu(s):  0,6 usuario,  9,8 sist,  0,0 adecuado, 89,5 inact,  0,1 en espera,  0,
%Cpu(s):  0,5 usuario,  9,9 sist,  0,0 adecuado, 89,5 inact,  0,1 en espera,  0,
%Cpu(s):  0,4 usuario,  9,8 sist,  0,0 adecuado, 89,7 inact,  0,1 en espera,  0,
%Cpu(s):  0,4 usuario,  9,7 sist,  0,0 adecuado, 89,8 inact,  0,1 en espera,  0,
%Cpu(s):  0,9 usuario, 10,1 sist,  0,0 adecuado, 89,0 inact,  0,0 en espera,  0,
%Cpu(s):  0,8 usuario,  9,7 sist,  0,0 adecuado, 89,5 inact,  0,0 en espera,  0,
%Cpu(s):  0,5 usuario,  9,8 sist,  0,0 adecuado, 89,6 inact,  0,1 en espera,  0,
%Cpu(s):  0,4 usuario,  9,7 sist,  0,0 adecuado, 89,8 inact,  0,1 en espera,  0,
%Cpu(s):  0,6 usuario,  9,6 sist,  0,0 adecuado, 89,6 inact,  0,1 en espera,  0,
%Cpu(s):  0,5 usuario,  9,4 sist,  0,0 adecuado, 90,0 inact,  0,1 en espera,  0,
%Cpu(s):  0,6 usuario,  9,3 sist,  0,0 adecuado, 90,1 inact,  0,0 en espera,  0,
%Cpu(s):  0,3 usuario,  9,8 sist,  0,0 adecuado, 89,8 inact,  0,0 en espera,  0,
%Cpu(s):  0,6 usuario, 10,1 sist,  0,0 adecuado, 89,4 inact,  0,0 en espera,  0,
%Cpu(s):  0,4 usuario,  9,8 sist,  0,0 adecuado, 89,8 inact,  0,1 en espera,  0,
%Cpu(s):  0,5 usuario,  9,7 sist,  0,0 adecuado, 89,7 inact,  0,1 en espera,  0,
%Cpu(s):  0,3 usuario,  9,5 sist,  0,0 adecuado, 90,1 inact,  0,1 en espera,  0,
%Cpu(s):  0,5 usuario, 10,1 sist,  0,0 adecuado, 89,4 inact,  0,0 en espera,  0,
%Cpu(s):  0,3 usuario,  9,9 sist,  0,0 adecuado, 89,8 inact,  0,0 en espera,  0,
%Cpu(s):  0,5 usuario,  9,9 sist,  0,0 adecuado, 89,6 inact,  0,0 en espera,  0,
%Cpu(s):  0,8 usuario,  9,7 sist,  0,0 adecuado, 89,2 inact,  0,3 en espera,  0,
%Cpu(s):  1,0 usuario, 10,1 sist,  0,0 adecuado, 88,7 inact,  0,3 en espera,  0,
%Cpu(s):  1,2 usuario,  9,7 sist,  0,0 adecuado, 88,4 inact,  0,7 en espera,  0,
%Cpu(s):  0,8 usuario,  9,6 sist,  0,0 adecuado, 88,0 inact,  1,6 en espera,  0,
%Cpu(s):  0,6 usuario,  9,9 sist,  0,0 adecuado, 89,4 inact,  0,0 en espera,  0,
%Cpu(s):  0,8 usuario, 10,1 sist,  0,0 adecuado, 88,6 inact,  0,5 en espera,  0,
%Cpu(s):  0,6 usuario, 10,1 sist,  0,0 adecuado, 89,2 inact,  0,2 en espera,  0,
%Cpu(s):  0,4 usuario,  9,6 sist,  0,0 adecuado, 89,9 inact,  0,1 en espera,  0,
%Cpu(s):  0,6 usuario, 10,2 sist,  0,0 adecuado, 89,1 inact,  0,1 en espera,  0,
%Cpu(s):  0,6 usuario,  9,5 sist,  0,0 adecuado, 89,7 inact,  0,2 en espera,  0,
%Cpu(s):  0,8 usuario, 10,1 sist,  0,0 adecuado, 89,1 inact,  0,0 en espera,  0,
%Cpu(s):  0,3 usuario,  9,6 sist,  0,0 adecuado, 89,9 inact,  0,1 en espera,  0,
%Cpu(s):  0,9 usuario, 10,4 sist,  0,0 adecuado, 88,2 inact,  0,5 en espera,  0,
%Cpu(s):  0,9 usuario,  9,8 sist,  0,0 adecuado, 89,0 inact,  0,3 en espera,  0,
%Cpu(s):  2,0 usuario, 10,3 sist,  0,0 adecuado, 87,1 inact,  0,6 en espera,  0,
%Cpu(s):  0,3 usuario,  9,9 sist,  0,0 adecuado, 89,7 inact,  0,1 en espera,  0,
%Cpu(s):  1,7 usuario, 10,2 sist,  0,0 adecuado, 87,2 inact,  0,8 en espera,  0,
%Cpu(s):  0,3 usuario,  9,5 sist,  0,0 adecuado, 90,1 inact,  0,0 en espera,  0,
%Cpu(s):  1,1 usuario, 10,3 sist,  0,0 adecuado, 88,3 inact,  0,4 en espera,  0,
%Cpu(s):  0,9 usuario, 10,0 sist,  0,0 adecuado, 88,8 inact,  0,3 en espera,  0,
%Cpu(s):  2,2 usuario, 10,4 sist,  0,0 adecuado, 85,7 inact,  1,7 en espera,  0,
%Cpu(s):  1,4 usuario,  9,7 sist,  0,0 adecuado, 87,8 inact,  1,1 en espera,  0,
%Cpu(s):  0,6 usuario,  9,6 sist,  0,0 adecuado, 89,7 inact,  0,0 en espera,  0,
%Cpu(s):  0,7 usuario,  9,7 sist,  0,0 adecuado, 89,5 inact,  0,0 en espera,  0,
%Cpu(s):  1,0 usuario, 10,3 sist,  0,0 adecuado, 88,6 inact,  0,1 en espera,  0,
%Cpu(s):  1,1 usuario, 10,0 sist,  0,0 adecuado, 88,5 inact,  0,4 en espera,  0,
%Cpu(s):  0,7 usuario,  9,7 sist,  0,0 adecuado, 89,5 inact,  0,2 en espera,  0,
%Cpu(s):  0,8 usuario, 10,0 sist,  0,0 adecuado, 89,0 inact,  0,1 en espera,  0,
%Cpu(s):  0,7 usuario, 10,0 sist,  0,0 adecuado, 89,3 inact,  0,0 en espera,  0,
%Cpu(s):  0,9 usuario,  9,9 sist,  0,0 adecuado, 89,1 inact,  0,2 en espera,  0,
%Cpu(s):  0,9 usuario,  9,7 sist,  0,0 adecuado, 89,2 inact,  0,2 en espera,  0,
%Cpu(s):  0,6 usuario, 10,2 sist,  0,0 adecuado, 89,0 inact,  0,1 en espera,  0,
%Cpu(s):  1,2 usuario,  9,6 sist,  0,0 adecuado, 89,1 inact,  0,1 en espera,  0,
%Cpu(s):  2,1 usuario, 10,1 sist,  0,0 adecuado, 87,2 inact,  0,5 en espera,  0,
%Cpu(s):  2,0 usuario, 10,7 sist,  0,0 adecuado, 86,9 inact,  0,4 en espera,  0,
%Cpu(s):  1,2 usuario,  9,8 sist,  0,0 adecuado, 88,7 inact,  0,3 en espera,  0,
%Cpu(s):  0,9 usuario,  9,8 sist,  0,0 adecuado, 89,1 inact,  0,2 en espera,  0,
%Cpu(s):  1,0 usuario,  9,9 sist,  0,0 adecuado, 88,7 inact,  0,4 en espera,  0,
%Cpu(s):  1,4 usuario, 10,1 sist,  0,0 adecuado, 87,7 inact,  0,7 en espera,  0,
%Cpu(s):  0,8 usuario,  9,8 sist,  0,0 adecuado, 88,7 inact,  0,7 en espera,  0,
%Cpu(s):  0,9 usuario,  9,5 sist,  0,0 adecuado, 89,3 inact,  0,3 en espera,  0,
%Cpu(s):  1,4 usuario, 10,0 sist,  0,0 adecuado, 88,3 inact,  0,3 en espera,  0,
%Cpu(s):  1,0 usuario,  9,6 sist,  0,0 adecuado, 89,4 inact,  0,1 en espera,  0,
%Cpu(s):  1,0 usuario, 10,2 sist,  0,0 adecuado, 88,7 inact,  0,2 en espera,  0,
%Cpu(s):  1,2 usuario,  9,8 sist,  0,0 adecuado, 88,0 inact,  1,1 en espera,  0,
%Cpu(s):  2,1 usuario, 10,4 sist,  0,0 adecuado, 87,0 inact,  0,6 en espera,  0,
%Cpu(s):  0,8 usuario,  9,7 sist,  0,0 adecuado, 89,1 inact,  0,4 en espera,  0,
%Cpu(s):  3,4 usuario, 10,5 sist,  0,0 adecuado, 85,4 inact,  0,6 en espera,  0,
%Cpu(s):  0,4 usuario,  9,7 sist,  0,0 adecuado, 89,7 inact,  0,2 en espera,  0,
%Cpu(s):  0,7 usuario, 10,1 sist,  0,0 adecuado, 89,1 inact,  0,0 en espera,  0,
%Cpu(s):  0,4 usuario,  9,3 sist,  0,0 adecuado, 90,1 inact,  0,1 en espera,  0,
%Cpu(s):  0,9 usuario,  9,9 sist,  0,0 adecuado, 88,6 inact,  0,6 en espera,  0,
%Cpu(s):  0,9 usuario,  9,7 sist,  0,0 adecuado, 88,8 inact,  0,6 en espera,  0,
%Cpu(s):  0,9 usuario, 10,0 sist,  0,0 adecuado, 89,0 inact,  0,1 en espera,  0,
